INFO:root:Starting to connect Google Drive...
INFO:root:Please enter user permission...
INFO:oauth2client.client:Successfully retrieved access token
INFO:root:Connected to Google Drive via existing token...
INFO:googleapiclient.discovery:URL being requested: GET https://www.googleapis.com/discovery/v1/apis/drive/v2/rest
INFO:googleapiclient.discovery:URL being requested: GET https://www.googleapis.com/drive/v2/files/10TFKcU5sd6DfdIV-1gDumpqzDI7RGgkJNF2ijBOJa3k?alt=json
INFO:root:Writing data from Google to local file...
INFO:root:Downloaded the file from Google. Ready to crunch statistics...
INFO:root:Calling data crunching program, ExpenseCalc_nix.py...
2015
INFO:root:Start of Sorting...
INFO:root:End of Sorting...
INFO:root:Starting to read each row and sum up values for each Tag even if its duplicate....
INFO:root:End of Calculation of Income...
INFO:root:Sheet  - 2013
INFO:root:Start of Sorting...
INFO:root:End of Sorting...
INFO:root:Starting to read each row and sum up values for each Tag even if its duplicate....
INFO:root:End of Calculation of Income...
INFO:root:Sheet  - 2014
INFO:root:Start of Sorting...
INFO:root:End of Sorting...
INFO:root:Starting to read each row and sum up values for each Tag even if its duplicate....
INFO:root:End of Calculation of Income...
INFO:root:Sheet  - 2014-UK
INFO:root:Start of Sorting...
INFO:root:End of Sorting...
INFO:root:Starting to read each row and sum up values for each Tag even if its duplicate....
INFO:root:End of Calculation of Income...
INFO:root:Sheet  - 2015-UK
INFO:root:Start of Sorting...
INFO:root:End of Sorting...
INFO:root:Starting to read each row and sum up values for each Tag even if its duplicate....
INFO:root:End of Calculation of Income...
INFO:root:Skipping sheet - Bank-NO
INFO:root:Skipping sheet - All-NO
INFO:root:Skipping sheet - Services-NO
INFO:root:Skipping sheet - Electric-NO
INFO:root:Skipping sheet - Gifts-NO
INFO:root:END OF EXPN-CALC.
INFO:root:Collating graphing data...
INFO:root:Collating graphing data...
